-------------------------------------------------------------------------------
Test set: br.gov.sp.fatec.springbootapp.SpringBootAppApplicationTests
-------------------------------------------------------------------------------
Tests run: 1, Failures: 0, Errors: 1, Skipped: 0, Time elapsed: 3.771 s <<< FAILURE! - in br.gov.sp.fatec.springbootapp.SpringBootAppApplicationTests
br.gov.sp.fatec.springbootapp.SpringBootAppApplicationTests  Time elapsed: 3.769 s  <<< ERROR!
org.junit.jupiter.api.extension.ParameterResolutionException: Failed to resolve parameter [org.springframework.jdbc.core.JdbcTemplate jdbcTemplate] in method [static void br.gov.sp.fatec.springbootapp.SpringBootAppApplicationTests.init(org.springframework.jdbc.core.JdbcTemplate)]: Failed to load ApplicationContext
Caused by: java.lang.IllegalStateException: Failed to load ApplicationContext
Caused by: org.springframework.beans.factory.BeanCreationException: Error creating bean with name 'usuarioRepository': FactoryBean threw exception on object creation; nested exception is java.lang.IllegalArgumentException: Validation failed for query for method public abstract br.gov.sp.fatec.springbootapp.entity.Usuario br.gov.sp.fatec.springbootapp.repository.UsuarioRepository.buscaUsuarioPorNome(java.lang.String)!
Caused by: java.lang.IllegalArgumentException: Validation failed for query for method public abstract br.gov.sp.fatec.springbootapp.entity.Usuario br.gov.sp.fatec.springbootapp.repository.UsuarioRepository.buscaUsuarioPorNome(java.lang.String)!
Caused by: java.lang.IllegalArgumentException: org.hibernate.hql.internal.ast.QuerySyntaxException: unexpected token: from near line 1, column 62 [select u from br.gov.sp.fatec.springbootapp.entity.Usuario u from where u.nome = ?1]
Caused by: org.hibernate.hql.internal.ast.QuerySyntaxException: unexpected token: from near line 1, column 62 [select u from br.gov.sp.fatec.springbootapp.entity.Usuario u from where u.nome = ?1]

